Build started 2016/3/24 20:33:25.
     1>Project "D:\ogre\Dependencies\build\src\ois\OIS.vcxproj" on node 3 (Build target(s)).
     1>CustomBuild:
         Building Custom Rule D:/ogre/Dependencies/src/ois/CMakeLists.txt
         CMake does not need to re-run because D:\ogre\Dependencies\build\src\ois\CMakeFiles\generate.stamp is up-to-date.
       ClCompile:
         D:\Microsoft Visual Studio 12.0\VC\bin\x86_amd64\CL.exe /c /I"C:\Program Files (x86)\Windows Kits\8.1\Include\shared" /ID:\ogre\Dependencies\src\ois\includes /nologo /W3 /WX- /O2 /Ob2 /D WIN32 /D _WINDOWS /D NDEBUG /D WINVER=0x0500 /D OIS_NONCLIENT_BUILD /D OIS_DYNAMIC_LIB /D "CMAKE_INTDIR=\"Release\"" /D OIS_EXPORTS /D _WINDLL /D _MBCS /Gm- /EHsc /MD /GS /fp:precise /Zc:wchar_t /Zc:forScope /GR /Fo"OIS.dir\Release\\" /Fd"OIS.dir\Release\vc120.pdb" /Gd /TP /errorReport:prompt ..\..\..\src\ois\src\OISEffect.cpp ..\..\..\src\ois\src\OISException.cpp ..\..\..\src\ois\src\OISForceFeedback.cpp ..\..\..\src\ois\src\OISInputManager.cpp ..\..\..\src\ois\src\OISJoyStick.cpp ..\..\..\src\ois\src\OISKeyboard.cpp ..\..\..\src\ois\src\OISObject.cpp ..\..\..\src\ois\src\extras\LIRC\OISLIRC.cpp ..\..\..\src\ois\src\extras\LIRC\OISLIRCFactoryCreator.cpp ..\..\..\src\ois\src\win32\Win32ForceFeedback.cpp ..\..\..\src\ois\src\win32\Win32InputManager.cpp ..\..\..\src\ois\src\win32\Win32JoyStick.cpp ..\..\..\src\ois\src\win32\Win32KeyBoard.cpp ..\..\..\src\ois\src\win32\Win32Mouse.cpp ..\..\..\src\ois\src\win32\extras\WiiMote\hiddevice.cpp ..\..\..\src\ois\src\win32\extras\WiiMote\OISWiiMote.cpp ..\..\..\src\ois\src\win32\extras\WiiMote\OISWiiMoteFactoryCreator.cpp ..\..\..\src\ois\src\win32\extras\WiiMote\OISWiiMoteForceFeedback.cpp ..\..\..\src\ois\src\win32\extras\WiiMote\OISWiiMoteRingBuffer.cpp ..\..\..\src\ois\src\win32\extras\WiiMote\wiimote.cpp
         OISEffect.cpp
         OISException.cpp
         OISForceFeedback.cpp
         OISInputManager.cpp
         OISJoyStick.cpp
         OISKeyboard.cpp
         OISObject.cpp
         OISLIRC.cpp
         OISLIRCFactoryCreator.cpp
         Win32ForceFeedback.cpp
         Win32InputManager.cpp
         Win32JoyStick.cpp
     1>..\..\..\src\ois\src\win32\Win32JoyStick.cpp : warning C4819: The file contains a character that cannot be represented in the current code page (936). Save the file in Unicode format to prevent data loss
         Win32KeyBoard.cpp
     1>..\..\..\src\ois\src\win32\Win32KeyBoard.cpp : warning C4819: The file contains a character that cannot be represented in the current code page (936). Save the file in Unicode format to prevent data loss
         Win32Mouse.cpp
         hiddevice.cpp
         OISWiiMote.cpp
         OISWiiMoteFactoryCreator.cpp
         OISWiiMoteForceFeedback.cpp
         OISWiiMoteRingBuffer.cpp
         wiimote.cpp
         Generating Code...
       Link:
         D:\Microsoft Visual Studio 12.0\VC\bin\x86_amd64\link.exe /ERRORREPORT:PROMPT /OUT:"D:\ogre\Dependencies\build\bin\Release\OIS.dll" /INCREMENTAL:NO /NOLOGO kernel32.lib user32.lib gdi32.lib winspool.lib shell32.lib ole32.lib oleaut32.lib uuid.lib comdlg32.lib advapi32.lib "C:\Program Files (x86)\Windows Kits\8.1\Lib\winv6.3\um\x64\dinput8.lib" "C:\Program Files (x86)\Windows Kits\8.1\Lib\winv6.3\um\x64\dxguid.lib" /MANIFEST /MANIFESTUAC:"level='asInvoker' uiAccess='false'" /manifest:embed /PDB:"D:/ogre/Dependencies/build/bin/Release/OIS.pdb" /SUBSYSTEM:CONSOLE /TLBID:1 /DYNAMICBASE /NXCOMPAT /IMPLIB:"D:/ogre/Dependencies/build/src/ois/Release/OIS.lib" /MACHINE:X64  /machine:x64 /DLL OIS.dir\Release\OISEffect.obj
         OIS.dir\Release\OISException.obj
         OIS.dir\Release\OISForceFeedback.obj
         OIS.dir\Release\OISInputManager.obj
         OIS.dir\Release\OISJoyStick.obj
         OIS.dir\Release\OISKeyboard.obj
         OIS.dir\Release\OISObject.obj
         OIS.dir\Release\OISLIRC.obj
         OIS.dir\Release\OISLIRCFactoryCreator.obj
         OIS.dir\Release\Win32ForceFeedback.obj
         OIS.dir\Release\Win32InputManager.obj
         OIS.dir\Release\Win32JoyStick.obj
         OIS.dir\Release\Win32KeyBoard.obj
         OIS.dir\Release\Win32Mouse.obj
         OIS.dir\Release\hiddevice.obj
         OIS.dir\Release\OISWiiMote.obj
         OIS.dir\Release\OISWiiMoteFactoryCreator.obj
         OIS.dir\Release\OISWiiMoteForceFeedback.obj
         OIS.dir\Release\OISWiiMoteRingBuffer.obj
         OIS.dir\Release\wiimote.obj
            Creating library D:/ogre/Dependencies/build/src/ois/Release/OIS.lib and object D:/ogre/Dependencies/build/src/ois/Release/OIS.exp
         OIS.vcxproj -> D:\ogre\Dependencies\build\bin\Release\OIS.dll
     1>Done Building Project "D:\ogre\Dependencies\build\src\ois\OIS.vcxproj" (Build target(s)).

Build succeeded.

Time Elapsed 00:00:10.46
