Build started 2016/3/24 20:48:30.
     1>Project "D:\ogre\build\Components\Paging\OgrePaging.vcxproj" on node 5 (Build target(s)).
     1>ClCompile:
         D:\Microsoft Visual Studio 12.0\VC\bin\x86_amd64\CL.exe /c /ID:\ogre\OgreMain\include /ID:\ogre\build\include /ID:\ogre\Dependencies\src\zlib /ID:\ogre\Dependencies\src\zziplib /ID:\ogre\Dependencies\src\FreeImage\Source /ID:\ogre\Dependencies\src\freetype\include\freetype /ID:\ogre\Dependencies\src\freetype\include /ID:\ogre\Dependencies\src\ois\includes /ID:\ogre\Dependencies\src\ois /ID:\ogre\Dependencies\src\Cg\include /ID:\ogre\Dependencies\src\Cg /ID:\ogre /ID:\ogre\OgreMain\include\Threading /ID:\ogre\Components\Paging\include /Zi /nologo /W3 /WX- /MP /Od /Ob0 /Oi /D WIN32 /D _WINDOWS /D _DEBUG /D DEBUG /D _MT /D _USRDLL /D OGRE_PAGING_EXPORTS /D "CMAKE_INTDIR=\"Debug\"" /D OgrePaging_EXPORTS /D _WINDLL /D _MBCS /Gm- /EHsc /RTC1 /MDd /GS /fp:fast /Zc:wchar_t /Zc:forScope /GR /Fo"OgrePaging.dir\Debug\\" /Fd"OgrePaging.dir\Debug\vc120.pdb" /Gd /TP /wd4786 /wd4503 /wd4251 /wd4275 /wd4290 /wd4661 /wd4996 /wd4127 /wd4100 /errorReport:prompt  /Zm256 /bigobj ..\..\..\Components\Paging\src\OgreGrid2DPageStrategy.cpp ..\..\..\Components\Paging\src\OgreGrid3DPageStrategy.cpp ..\..\..\Components\Paging\src\OgrePage.cpp ..\..\..\Components\Paging\src\OgrePageContent.cpp ..\..\..\Components\Paging\src\OgrePageContentCollection.cpp ..\..\..\Components\Paging\src\OgrePagedWorld.cpp ..\..\..\Components\Paging\src\OgrePagedWorldSection.cpp ..\..\..\Components\Paging\src\OgrePageManager.cpp ..\..\..\Components\Paging\src\OgreSimplePageContentCollection.cpp
         OgreGrid2DPageStrategy.cpp
         OgreGrid3DPageStrategy.cpp
         OgrePage.cpp
         OgrePageContent.cpp
     1>d:\ogre\ogremain\include\OgreMath.h : warning C4819: The file contains a character that cannot be represented in the current code page (936). Save the file in Unicode format to prevent data loss (..\..\..\Components\Paging\src\OgreGrid3DPageStrategy.cpp)
     1>d:\ogre\ogremain\include\OgreMath.h : warning C4819: The file contains a character that cannot be represented in the current code page (936). Save the file in Unicode format to prevent data loss (..\..\..\Components\Paging\src\OgreGrid2DPageStrategy.cpp)
     1>d:\ogre\ogremain\include\OgreMath.h : warning C4819: The file contains a character that cannot be represented in the current code page (936). Save the file in Unicode format to prevent data loss (..\..\..\Components\Paging\src\OgrePage.cpp)
         OgrePageContentCollection.cpp
         OgrePagedWorld.cpp
     1>d:\ogre\ogremain\include\OgreMath.h : warning C4819: The file contains a character that cannot be represented in the current code page (936). Save the file in Unicode format to prevent data loss (..\..\..\Components\Paging\src\OgrePagedWorld.cpp)
         OgrePagedWorldSection.cpp
         OgrePageManager.cpp
         OgreSimplePageContentCollection.cpp
     1>d:\ogre\ogremain\include\OgreMath.h : warning C4819: The file contains a character that cannot be represented in the current code page (936). Save the file in Unicode format to prevent data loss (..\..\..\Components\Paging\src\OgrePagedWorldSection.cpp)
     1>d:\ogre\ogremain\include\OgreMath.h : warning C4819: The file contains a character that cannot be represented in the current code page (936). Save the file in Unicode format to prevent data loss (..\..\..\Components\Paging\src\OgrePageManager.cpp)
     1>d:\ogre\ogremain\include\OgreMath.h : warning C4819: The file contains a character that cannot be represented in the current code page (936). Save the file in Unicode format to prevent data loss (..\..\..\Components\Paging\src\OgreSimplePageContentCollection.cpp)
       Link:
         D:\Microsoft Visual Studio 12.0\VC\bin\x86_amd64\link.exe /ERRORREPORT:PROMPT /OUT:"D:\ogre\build\bin\Debug\OgrePaging_d.dll" /INCREMENTAL /NOLOGO kernel32.lib user32.lib gdi32.lib winspool.lib shell32.lib ole32.lib oleaut32.lib uuid.lib comdlg32.lib advapi32.lib ..\..\lib\Debug\OgreMain_d.lib ..\..\Dependencies\src\FreeImage\Debug\FreeImage_d.lib ..\..\Dependencies\src\zziplib\Debug\zziplib_d.lib ..\..\Dependencies\src\zlib\Debug\zlib_d.lib /MANIFEST /MANIFESTUAC:"level='asInvoker' uiAccess='false'" /manifest:embed /DEBUG /PDB:"D:/ogre/build/bin/Debug/OgrePaging_d.pdb" /SUBSYSTEM:CONSOLE /TLBID:1 /DYNAMICBASE /NXCOMPAT /IMPLIB:"D:/ogre/build/lib/Debug/OgrePaging_d.lib" /MACHINE:X64  /machine:x64 /debug /DLL OgrePaging.dir\Debug\OgreGrid2DPageStrategy.obj
         OgrePaging.dir\Debug\OgreGrid3DPageStrategy.obj
         OgrePaging.dir\Debug\OgrePage.obj
         OgrePaging.dir\Debug\OgrePageContent.obj
         OgrePaging.dir\Debug\OgrePageContentCollection.obj
         OgrePaging.dir\Debug\OgrePagedWorld.obj
         OgrePaging.dir\Debug\OgrePagedWorldSection.obj
         OgrePaging.dir\Debug\OgrePageManager.obj
         OgrePaging.dir\Debug\OgreSimplePageContentCollection.obj
            Creating library D:/ogre/build/lib/Debug/OgrePaging_d.lib and object D:/ogre/build/lib/Debug/OgrePaging_d.exp
         OgrePaging.vcxproj -> D:\ogre\build\bin\Debug\OgrePaging_d.dll
     1>Done Building Project "D:\ogre\build\Components\Paging\OgrePaging.vcxproj" (Build target(s)).

Build succeeded.

Time Elapsed 00:00:47.64
