Build started 2016/3/24 20:48:30.
     1>Project "D:\ogre\build\Components\HLMS\OgreHLMS.vcxproj" on node 3 (Build target(s)).
     1>ClCompile:
         D:\Microsoft Visual Studio 12.0\VC\bin\x86_amd64\CL.exe /c /ID:\ogre\OgreMain\include /ID:\ogre\build\include /ID:\ogre\Dependencies\src\zlib /ID:\ogre\Dependencies\src\zziplib /ID:\ogre\Dependencies\src\FreeImage\Source /ID:\ogre\Dependencies\src\freetype\include\freetype /ID:\ogre\Dependencies\src\freetype\include /ID:\ogre\Dependencies\src\ois\includes /ID:\ogre\Dependencies\src\ois /ID:\ogre\Dependencies\src\Cg\include /ID:\ogre\Dependencies\src\Cg /ID:\ogre /ID:\ogre\OgreMain\include\Threading /ID:\ogre\Components\HLMS\include /Zi /nologo /W3 /WX- /MP /Od /Ob0 /Oi /D WIN32 /D _WINDOWS /D _DEBUG /D DEBUG /D _MT /D _USRDLL /D OGRE_HLMS_EXPORTS /D "CMAKE_INTDIR=\"Debug\"" /D OgreHLMS_EXPORTS /D _WINDLL /D _MBCS /Gm- /EHsc /RTC1 /MDd /GS /fp:fast /Zc:wchar_t /Zc:forScope /GR /Fo"OgreHLMS.dir\Debug\\" /Fd"OgreHLMS.dir\Debug\vc120.pdb" /Gd /TP /wd4786 /wd4503 /wd4251 /wd4275 /wd4290 /wd4661 /wd4996 /wd4127 /wd4100 /errorReport:prompt  /Zm256 /bigobj ..\..\..\Components\HLMS\src\OgreHlmsDatablock.cpp ..\..\..\Components\HLMS\src\OgreHlmsManager.cpp ..\..\..\Components\HLMS\src\OgreHlmsMaterialBase.cpp ..\..\..\Components\HLMS\src\OgreHlmsPbsMaterial.cpp ..\..\..\Components\HLMS\src\OgreHlmsPropertyHelper.cpp ..\..\..\Components\HLMS\src\OgreHlmsPropertyMap.cpp ..\..\..\Components\HLMS\src\OgreHlmsShaderGenerator.cpp ..\..\..\Components\HLMS\src\OgreHlmsShaderManager.cpp ..\..\..\Components\HLMS\src\OgreHlmsShaderPiecesManager.cpp ..\..\..\Components\HLMS\src\OgreHlmsShaderTemplate.cpp
         OgreHlmsDatablock.cpp
         OgreHlmsManager.cpp
         OgreHlmsMaterialBase.cpp
         OgreHlmsPbsMaterial.cpp
     1>d:\ogre\ogremain\include\OgreMath.h : warning C4819: The file contains a character that cannot be represented in the current code page (936). Save the file in Unicode format to prevent data loss (..\..\..\Components\HLMS\src\OgreHlmsDatablock.cpp)
     1>d:\ogre\ogremain\include\OgreMath.h : warning C4819: The file contains a character that cannot be represented in the current code page (936). Save the file in Unicode format to prevent data loss (..\..\..\Components\HLMS\src\OgreHlmsMaterialBase.cpp)
     1>d:\ogre\ogremain\include\OgreMath.h : warning C4819: The file contains a character that cannot be represented in the current code page (936). Save the file in Unicode format to prevent data loss (..\..\..\Components\HLMS\src\OgreHlmsManager.cpp)
     1>d:\ogre\ogremain\include\OgreMath.h : warning C4819: The file contains a character that cannot be represented in the current code page (936). Save the file in Unicode format to prevent data loss (..\..\..\Components\HLMS\src\OgreHlmsPbsMaterial.cpp)
     1>D:\ogre\Components\HLMS\include\OgreHlmsShaderCommon.h(149): warning C4267: 'argument' : conversion from 'size_t' to 'int', possible loss of data (..\..\..\Components\HLMS\src\OgreHlmsDatablock.cpp)
     1>D:\ogre\Components\HLMS\include\OgreHlmsShaderCommon.h(162): warning C4267: 'argument' : conversion from 'size_t' to 'int', possible loss of data (..\..\..\Components\HLMS\src\OgreHlmsDatablock.cpp)
         OgreHlmsPropertyHelper.cpp
         OgreHlmsPropertyMap.cpp
     1>d:\ogre\ogremain\include\OgreMath.h : warning C4819: The file contains a character that cannot be represented in the current code page (936). Save the file in Unicode format to prevent data loss (..\..\..\Components\HLMS\src\OgreHlmsPropertyMap.cpp)
         OgreHlmsShaderGenerator.cpp
     1>d:\ogre\ogremain\include\OgreMath.h : warning C4819: The file contains a character that cannot be represented in the current code page (936). Save the file in Unicode format to prevent data loss (..\..\..\Components\HLMS\src\OgreHlmsShaderGenerator.cpp)
         OgreHlmsShaderManager.cpp
     1>d:\ogre\ogremain\include\OgreMath.h : warning C4819: The file contains a character that cannot be represented in the current code page (936). Save the file in Unicode format to prevent data loss (..\..\..\Components\HLMS\src\OgreHlmsShaderManager.cpp)
         OgreHlmsShaderPiecesManager.cpp
     1>d:\ogre\ogremain\include\OgreMath.h : warning C4819: The file contains a character that cannot be represented in the current code page (936). Save the file in Unicode format to prevent data loss (..\..\..\Components\HLMS\src\OgreHlmsShaderPiecesManager.cpp)
     1>d:\ogre\components\hlms\include\OgreHlmsShaderCommon.h(149): warning C4267: 'argument' : conversion from 'size_t' to 'int', possible loss of data (..\..\..\Components\HLMS\src\OgreHlmsShaderGenerator.cpp)
     1>d:\ogre\components\hlms\include\OgreHlmsShaderCommon.h(162): warning C4267: 'argument' : conversion from 'size_t' to 'int', possible loss of data (..\..\..\Components\HLMS\src\OgreHlmsShaderGenerator.cpp)
     1>D:\ogre\Components\HLMS\include\OgreHlmsShaderCommon.h(149): warning C4267: 'argument' : conversion from 'size_t' to 'int', possible loss of data (..\..\..\Components\HLMS\src\OgreHlmsPropertyMap.cpp)
     1>D:\ogre\Components\HLMS\include\OgreHlmsShaderCommon.h(162): warning C4267: 'argument' : conversion from 'size_t' to 'int', possible loss of data (..\..\..\Components\HLMS\src\OgreHlmsPropertyMap.cpp)
     1>..\..\..\Components\HLMS\src\OgreHlmsPropertyMap.cpp(121): warning C4244: '=' : conversion from 'Ogre::uint32' to 'float', possible loss of data
     1>..\..\..\Components\HLMS\src\OgreHlmsPropertyMap.cpp(122): warning C4244: '=' : conversion from 'Ogre::int32' to 'float', possible loss of data
     1>..\..\..\Components\HLMS\src\OgreHlmsPropertyMap.cpp(125): warning C4267: 'argument' : conversion from 'size_t' to 'int', possible loss of data
     1>d:\ogre\components\hlms\include\OgreHlmsShaderCommon.h(149): warning C4267: 'argument' : conversion from 'size_t' to 'int', possible loss of data (..\..\..\Components\HLMS\src\OgreHlmsShaderManager.cpp)
     1>d:\ogre\components\hlms\include\OgreHlmsShaderCommon.h(162): warning C4267: 'argument' : conversion from 'size_t' to 'int', possible loss of data (..\..\..\Components\HLMS\src\OgreHlmsShaderManager.cpp)
     1>D:\ogre\Components\HLMS\include\OgreHlmsShaderCommon.h(149): warning C4267: 'argument' : conversion from 'size_t' to 'int', possible loss of data (..\..\..\Components\HLMS\src\OgreHlmsShaderPiecesManager.cpp)
     1>D:\ogre\Components\HLMS\include\OgreHlmsShaderCommon.h(162): warning C4267: 'argument' : conversion from 'size_t' to 'int', possible loss of data (..\..\..\Components\HLMS\src\OgreHlmsShaderPiecesManager.cpp)
         OgreHlmsShaderTemplate.cpp
     1>d:\ogre\ogremain\include\OgreMath.h : warning C4819: The file contains a character that cannot be represented in the current code page (936). Save the file in Unicode format to prevent data loss (..\..\..\Components\HLMS\src\OgreHlmsShaderTemplate.cpp)
     1>D:\ogre\Components\HLMS\include\OgreHlmsShaderCommon.h(149): warning C4267: 'argument' : conversion from 'size_t' to 'int', possible loss of data (..\..\..\Components\HLMS\src\OgreHlmsShaderTemplate.cpp)
     1>D:\ogre\Components\HLMS\include\OgreHlmsShaderCommon.h(162): warning C4267: 'argument' : conversion from 'size_t' to 'int', possible loss of data (..\..\..\Components\HLMS\src\OgreHlmsShaderTemplate.cpp)
       Link:
         D:\Microsoft Visual Studio 12.0\VC\bin\x86_amd64\link.exe /ERRORREPORT:PROMPT /OUT:"D:\ogre\build\bin\Debug\OgreHLMS_d.dll" /INCREMENTAL /NOLOGO kernel32.lib user32.lib gdi32.lib winspool.lib shell32.lib ole32.lib oleaut32.lib uuid.lib comdlg32.lib advapi32.lib ..\..\lib\Debug\OgreMain_d.lib ..\..\Dependencies\src\FreeImage\Debug\FreeImage_d.lib ..\..\Dependencies\src\zziplib\Debug\zziplib_d.lib ..\..\Dependencies\src\zlib\Debug\zlib_d.lib /MANIFEST /MANIFESTUAC:"level='asInvoker' uiAccess='false'" /manifest:embed /DEBUG /PDB:"D:/ogre/build/bin/Debug/OgreHLMS_d.pdb" /SUBSYSTEM:CONSOLE /TLBID:1 /DYNAMICBASE /NXCOMPAT /IMPLIB:"D:/ogre/build/lib/Debug/OgreHLMS_d.lib" /MACHINE:X64  /machine:x64 /debug /DLL OgreHLMS.dir\Debug\OgreHlmsDatablock.obj
         OgreHLMS.dir\Debug\OgreHlmsManager.obj
         OgreHLMS.dir\Debug\OgreHlmsMaterialBase.obj
         OgreHLMS.dir\Debug\OgreHlmsPbsMaterial.obj
         OgreHLMS.dir\Debug\OgreHlmsPropertyHelper.obj
         OgreHLMS.dir\Debug\OgreHlmsPropertyMap.obj
         OgreHLMS.dir\Debug\OgreHlmsShaderGenerator.obj
         OgreHLMS.dir\Debug\OgreHlmsShaderManager.obj
         OgreHLMS.dir\Debug\OgreHlmsShaderPiecesManager.obj
         OgreHLMS.dir\Debug\OgreHlmsShaderTemplate.obj
            Creating library D:/ogre/build/lib/Debug/OgreHLMS_d.lib and object D:/ogre/build/lib/Debug/OgreHLMS_d.exp
         OgreHLMS.vcxproj -> D:\ogre\build\bin\Debug\OgreHLMS_d.dll
     1>Done Building Project "D:\ogre\build\Components\HLMS\OgreHLMS.vcxproj" (Build target(s)).

Build succeeded.

Time Elapsed 00:01:36.38
