Build started 2016/3/24 20:53:18.
     1>Project "D:\ogre\build\PlugIns\OctreeSceneManager\Plugin_OctreeSceneManager.vcxproj" on node 5 (Build target(s)).
     1>ClCompile:
         D:\Microsoft Visual Studio 12.0\VC\bin\x86_amd64\CL.exe /c /ID:\ogre\OgreMain\include /ID:\ogre\build\include /ID:\ogre\Dependencies\src\zlib /ID:\ogre\Dependencies\src\zziplib /ID:\ogre\Dependencies\src\FreeImage\Source /ID:\ogre\Dependencies\src\freetype\include\freetype /ID:\ogre\Dependencies\src\freetype\include /ID:\ogre\Dependencies\src\ois\includes /ID:\ogre\Dependencies\src\ois /ID:\ogre\Dependencies\src\Cg\include /ID:\ogre\Dependencies\src\Cg /ID:\ogre /ID:\ogre\OgreMain\include\Threading /ID:\ogre\PlugIns\OctreeSceneManager\include /Zi /nologo /W3 /WX- /MP /Od /Ob0 /Oi /D WIN32 /D _WINDOWS /D _DEBUG /D DEBUG /D OGRE_OCTREEPLUGIN_EXPORTS /D _MT /D _USRDLL /D "CMAKE_INTDIR=\"Debug\"" /D Plugin_OctreeSceneManager_EXPORTS /D _WINDLL /D _MBCS /Gm- /EHsc /RTC1 /MDd /GS /fp:fast /Zc:wchar_t /Zc:forScope /GR /Fo"Plugin_OctreeSceneManager.dir\Debug\\" /Fd"Plugin_OctreeSceneManager.dir\Debug\vc120.pdb" /Gd /TP /wd4786 /wd4503 /wd4251 /wd4275 /wd4290 /wd4661 /wd4996 /wd4127 /wd4100 /errorReport:prompt  /Zm256 /bigobj ..\..\..\PlugIns\OctreeSceneManager\src\OgreOctree.cpp ..\..\..\PlugIns\OctreeSceneManager\src\OgreOctreeCamera.cpp ..\..\..\PlugIns\OctreeSceneManager\src\OgreOctreeNode.cpp ..\..\..\PlugIns\OctreeSceneManager\src\OgreOctreePlugin.cpp ..\..\..\PlugIns\OctreeSceneManager\src\OgreOctreeSceneManager.cpp ..\..\..\PlugIns\OctreeSceneManager\src\OgreOctreeSceneManagerDll.cpp ..\..\..\PlugIns\OctreeSceneManager\src\OgreOctreeSceneQuery.cpp
         OgreOctree.cpp
         OgreOctreeCamera.cpp
         OgreOctreeNode.cpp
         OgreOctreePlugin.cpp
     1>d:\ogre\ogremain\include\OgreMath.h : warning C4819: The file contains a character that cannot be represented in the current code page (936). Save the file in Unicode format to prevent data loss (..\..\..\PlugIns\OctreeSceneManager\src\OgreOctree.cpp)
     1>d:\ogre\ogremain\include\OgreMath.h : warning C4819: The file contains a character that cannot be represented in the current code page (936). Save the file in Unicode format to prevent data loss (..\..\..\PlugIns\OctreeSceneManager\src\OgreOctreePlugin.cpp)
     1>d:\ogre\ogremain\include\OgreMath.h : warning C4819: The file contains a character that cannot be represented in the current code page (936). Save the file in Unicode format to prevent data loss (..\..\..\PlugIns\OctreeSceneManager\src\OgreOctreeNode.cpp)
     1>d:\ogre\ogremain\include\OgreMath.h : warning C4819: The file contains a character that cannot be represented in the current code page (936). Save the file in Unicode format to prevent data loss (..\..\..\PlugIns\OctreeSceneManager\src\OgreOctreeCamera.cpp)
         OgreOctreeSceneManager.cpp
     1>d:\ogre\ogremain\include\OgreMath.h : warning C4819: The file contains a character that cannot be represented in the current code page (936). Save the file in Unicode format to prevent data loss (..\..\..\PlugIns\OctreeSceneManager\src\OgreOctreeSceneManager.cpp)
         OgreOctreeSceneManagerDll.cpp
     1>d:\ogre\ogremain\include\OgreMath.h : warning C4819: The file contains a character that cannot be represented in the current code page (936). Save the file in Unicode format to prevent data loss (..\..\..\PlugIns\OctreeSceneManager\src\OgreOctreeSceneManagerDll.cpp)
         OgreOctreeSceneQuery.cpp
     1>d:\ogre\ogremain\include\OgreMath.h : warning C4819: The file contains a character that cannot be represented in the current code page (936). Save the file in Unicode format to prevent data loss (..\..\..\PlugIns\OctreeSceneManager\src\OgreOctreeSceneQuery.cpp)
       Link:
         D:\Microsoft Visual Studio 12.0\VC\bin\x86_amd64\link.exe /ERRORREPORT:PROMPT /OUT:"D:\ogre\build\bin\Debug\Plugin_OctreeSceneManager_d.dll" /INCREMENTAL /NOLOGO kernel32.lib user32.lib gdi32.lib winspool.lib shell32.lib ole32.lib oleaut32.lib uuid.lib comdlg32.lib advapi32.lib ..\..\lib\Debug\OgreMain_d.lib ..\..\Dependencies\src\FreeImage\Debug\FreeImage_d.lib ..\..\Dependencies\src\zziplib\Debug\zziplib_d.lib ..\..\Dependencies\src\zlib\Debug\zlib_d.lib /MANIFEST /MANIFESTUAC:"level='asInvoker' uiAccess='false'" /manifest:embed /DEBUG /PDB:"D:/ogre/build/bin/Debug/Plugin_OctreeSceneManager_d.pdb" /SUBSYSTEM:CONSOLE /TLBID:1 /DYNAMICBASE /NXCOMPAT /IMPLIB:"D:/ogre/build/lib/Debug/Plugin_OctreeSceneManager_d.lib" /MACHINE:X64  /machine:x64 /debug /DLL Plugin_OctreeSceneManager.dir\Debug\OgreOctree.obj
         Plugin_OctreeSceneManager.dir\Debug\OgreOctreeCamera.obj
         Plugin_OctreeSceneManager.dir\Debug\OgreOctreeNode.obj
         Plugin_OctreeSceneManager.dir\Debug\OgreOctreePlugin.obj
         Plugin_OctreeSceneManager.dir\Debug\OgreOctreeSceneManager.obj
         Plugin_OctreeSceneManager.dir\Debug\OgreOctreeSceneManagerDll.obj
         Plugin_OctreeSceneManager.dir\Debug\OgreOctreeSceneQuery.obj
            Creating library D:/ogre/build/lib/Debug/Plugin_OctreeSceneManager_d.lib and object D:/ogre/build/lib/Debug/Plugin_OctreeSceneManager_d.exp
         Plugin_OctreeSceneManager.vcxproj -> D:\ogre\build\bin\Debug\Plugin_OctreeSceneManager_d.dll
     1>Done Building Project "D:\ogre\build\PlugIns\OctreeSceneManager\Plugin_OctreeSceneManager.vcxproj" (Build target(s)).

Build succeeded.

Time Elapsed 00:00:40.29
