Build started 2016/3/24 20:52:52.
     1>Project "D:\ogre\build\PlugIns\CgProgramManager\Plugin_CgProgramManager.vcxproj" on node 4 (Build target(s)).
     1>ClCompile:
         D:\Microsoft Visual Studio 12.0\VC\bin\x86_amd64\CL.exe /c /ID:\ogre\OgreMain\include /ID:\ogre\build\include /ID:\ogre\Dependencies\src\zlib /ID:\ogre\Dependencies\src\zziplib /ID:\ogre\Dependencies\src\FreeImage\Source /ID:\ogre\Dependencies\src\freetype\include\freetype /ID:\ogre\Dependencies\src\freetype\include /ID:\ogre\Dependencies\src\ois\includes /ID:\ogre\Dependencies\src\ois /ID:\ogre\Dependencies\src\Cg\include /ID:\ogre\Dependencies\src\Cg /ID:\ogre /ID:\ogre\OgreMain\include\Threading /ID:\ogre\PlugIns\CgProgramManager\include /Zi /nologo /W3 /WX- /MP /Od /Ob0 /Oi /D WIN32 /D _WINDOWS /D _DEBUG /D DEBUG /D OGRE_CGPLUGIN_EXPORTS /D _MT /D _USRDLL /D "CMAKE_INTDIR=\"Debug\"" /D Plugin_CgProgramManager_EXPORTS /D _WINDLL /D _MBCS /Gm- /EHsc /RTC1 /MDd /GS /fp:fast /Zc:wchar_t /Zc:forScope /GR /Fo"Plugin_CgProgramManager.dir\Debug\\" /Fd"Plugin_CgProgramManager.dir\Debug\vc120.pdb" /Gd /TP /wd4786 /wd4503 /wd4251 /wd4275 /wd4290 /wd4661 /wd4996 /wd4127 /wd4100 /errorReport:prompt  /Zm256 /bigobj ..\..\..\PlugIns\CgProgramManager\src\OgreCgFxScriptLoader.cpp ..\..\..\PlugIns\CgProgramManager\src\OgreCgPlugin.cpp ..\..\..\PlugIns\CgProgramManager\src\OgreCgProgram.cpp ..\..\..\PlugIns\CgProgramManager\src\OgreCgProgramFactory.cpp ..\..\..\PlugIns\CgProgramManager\src\OgreCgProgramManagerDll.cpp
         OgreCgFxScriptLoader.cpp
         OgreCgPlugin.cpp
         OgreCgProgram.cpp
         OgreCgProgramFactory.cpp
     1>d:\ogre\ogremain\include\OgreMath.h : warning C4819: The file contains a character that cannot be represented in the current code page (936). Save the file in Unicode format to prevent data loss (..\..\..\PlugIns\CgProgramManager\src\OgreCgPlugin.cpp)
     1>d:\ogre\ogremain\include\OgreMath.h : warning C4819: The file contains a character that cannot be represented in the current code page (936). Save the file in Unicode format to prevent data loss (..\..\..\PlugIns\CgProgramManager\src\OgreCgFxScriptLoader.cpp)
     1>d:\ogre\ogremain\include\OgreMath.h : warning C4819: The file contains a character that cannot be represented in the current code page (936). Save the file in Unicode format to prevent data loss (..\..\..\PlugIns\CgProgramManager\src\OgreCgProgram.cpp)
     1>d:\ogre\ogremain\include\OgreMath.h : warning C4819: The file contains a character that cannot be represented in the current code page (936). Save the file in Unicode format to prevent data loss (..\..\..\PlugIns\CgProgramManager\src\OgreCgProgramFactory.cpp)
         OgreCgProgramManagerDll.cpp
     1>d:\ogre\ogremain\include\OgreMath.h : warning C4819: The file contains a character that cannot be represented in the current code page (936). Save the file in Unicode format to prevent data loss (..\..\..\PlugIns\CgProgramManager\src\OgreCgProgramManagerDll.cpp)
       Link:
         D:\Microsoft Visual Studio 12.0\VC\bin\x86_amd64\link.exe /ERRORREPORT:PROMPT /OUT:"D:\ogre\build\bin\Debug\Plugin_CgProgramManager_d.dll" /INCREMENTAL /NOLOGO kernel32.lib user32.lib gdi32.lib winspool.lib shell32.lib ole32.lib oleaut32.lib uuid.lib comdlg32.lib advapi32.lib ..\..\lib\Debug\OgreMain_d.lib ..\..\..\Dependencies\src\Cg\lib64\cg.lib ..\..\Dependencies\src\FreeImage\Debug\FreeImage_d.lib ..\..\Dependencies\src\zziplib\Debug\zziplib_d.lib ..\..\Dependencies\src\zlib\Debug\zlib_d.lib /MANIFEST /MANIFESTUAC:"level='asInvoker' uiAccess='false'" /manifest:embed /DEBUG /PDB:"D:/ogre/build/bin/Debug/Plugin_CgProgramManager_d.pdb" /SUBSYSTEM:CONSOLE /TLBID:1 /DYNAMICBASE /NXCOMPAT /IMPLIB:"D:/ogre/build/lib/Debug/Plugin_CgProgramManager_d.lib" /MACHINE:X64  /machine:x64 /debug /DLL Plugin_CgProgramManager.dir\Debug\OgreCgFxScriptLoader.obj
         Plugin_CgProgramManager.dir\Debug\OgreCgPlugin.obj
         Plugin_CgProgramManager.dir\Debug\OgreCgProgram.obj
         Plugin_CgProgramManager.dir\Debug\OgreCgProgramFactory.obj
         Plugin_CgProgramManager.dir\Debug\OgreCgProgramManagerDll.obj
            Creating library D:/ogre/build/lib/Debug/Plugin_CgProgramManager_d.lib and object D:/ogre/build/lib/Debug/Plugin_CgProgramManager_d.exp
         Plugin_CgProgramManager.vcxproj -> D:\ogre\build\bin\Debug\Plugin_CgProgramManager_d.dll
     1>Done Building Project "D:\ogre\build\PlugIns\CgProgramManager\Plugin_CgProgramManager.vcxproj" (Build target(s)).

Build succeeded.

Time Elapsed 00:00:25.30
